2025-07-05T10:21:27.095-03:00  WARN 22132 --- [mscartoes] [HikariPool-1 housekeeper] com.zaxxer.hikari.pool.HikariPool        : HikariPool-1 - Thread starvation or clock leap detected (housekeeper delta=13h42m50s636ms360µs500ns).
2025-07-05T10:25:00.495-03:00  INFO 22132 --- [mscartoes] [AsyncResolver-bootstrap-executor-%d] c.n.d.s.r.aws.ConfigClusterResolver      : Resolving eureka endpoints via configuration
2025-07-05T10:30:00.498-03:00  INFO 22132 --- [mscartoes] [AsyncResolver-bootstrap-executor-%d] c.n.d.s.r.aws.ConfigClusterResolver      : Resolving eureka endpoints via configuration
2025-07-05T10:35:00.514-03:00  INFO 22132 --- [mscartoes] [AsyncResolver-bootstrap-executor-%d] c.n.d.s.r.aws.ConfigClusterResolver      : Resolving eureka endpoints via configuration
2025-07-05T10:40:00.532-03:00  INFO 22132 --- [mscartoes] [AsyncResolver-bootstrap-executor-%d] c.n.d.s.r.aws.ConfigClusterResolver      : Resolving eureka endpoints via configuration
2025-07-05T10:42:13.507-03:00  INFO 22132 --- [mscartoes] [SpringApplicationShutdownHook] o.s.c.n.e.s.EurekaServiceRegistry        : Unregistering application MSCARTOES with eureka with status DOWN
2025-07-05T10:42:13.509-03:00  INFO 22132 --- [mscartoes] [SpringApplicationShutdownHook] com.netflix.discovery.DiscoveryClient    : Saw local status change event StatusChangeEvent [timestamp=1751722933509, current=DOWN, previous=UP]
2025-07-05T10:42:13.509-03:00  INFO 22132 --- [mscartoes] [DiscoveryClient-InstanceInfoReplicator-%d] com.netflix.discovery.DiscoveryClient    : DiscoveryClient_MSCARTOES/${spring.application-name}:7e9614630b875ed4b5dab0bcf28137ec: registering service...
2025-07-05T10:42:13.528-03:00  INFO 22132 --- [mscartoes] [org.springframework.amqp.rabbit.RabbitListenerEndpointContainer#0-50] o.s.a.r.l.SimpleMessageListenerContainer : Waiting for workers to finish.
2025-07-05T10:42:13.598-03:00  INFO 22132 --- [mscartoes] [DiscoveryClient-InstanceInfoReplicator-%d] com.netflix.discovery.DiscoveryClient    : DiscoveryClient_MSCARTOES/${spring.application-name}:7e9614630b875ed4b5dab0bcf28137ec - registration status: 204
2025-07-05T10:42:13.951-03:00  INFO 22132 --- [mscartoes] [org.springframework.amqp.rabbit.RabbitListenerEndpointContainer#0-50] o.s.a.r.l.SimpleMessageListenerContainer : Successfully waited for workers to finish.
2025-07-05T10:42:13.955-03:00  INFO 22132 --- [mscartoes] [SpringApplicationShutdownHook] o.s.b.w.e.tomcat.GracefulShutdown        : Commencing graceful shutdown. Waiting for active requests to complete
2025-07-05T10:42:13.981-03:00  INFO 22132 --- [mscartoes] [tomcat-shutdown] o.s.b.w.e.tomcat.GracefulShutdown        : Graceful shutdown complete
2025-07-05T10:42:14.006-03:00  INFO 22132 --- [mscartoes] [SpringApplicationShutdownHook] j.LocalContainerEntityManagerFactoryBean : Closing JPA EntityManagerFactory for persistence unit 'default'
2025-07-05T10:42:14.040-03:00  WARN 22132 --- [mscartoes] [SpringApplicationShutdownHook] o.s.b.f.support.DisposableBeanAdapter    : Invocation of destroy method failed on bean with name 'inMemoryDatabaseShutdownExecutor': org.h2.jdbc.JdbcSQLNonTransientConnectionException: Database is already closed (to disable automatic closing at VM shutdown, add ";DB_CLOSE_ON_EXIT=FALSE" to the db URL) [90121-232]
2025-07-05T10:42:14.041-03:00  INFO 22132 --- [mscartoes] [SpringApplicationShutdownHook] com.zaxxer.hikari.HikariDataSource       : HikariPool-1 - Shutdown initiated...
2025-07-05T10:42:14.045-03:00  INFO 22132 --- [mscartoes] [SpringApplicationShutdownHook] com.zaxxer.hikari.HikariDataSource       : HikariPool-1 - Shutdown completed.
2025-07-05T10:42:14.047-03:00  INFO 22132 --- [mscartoes] [SpringApplicationShutdownHook] com.netflix.discovery.DiscoveryClient    : Shutting down DiscoveryClient ...
2025-07-05T10:42:17.048-03:00  INFO 22132 --- [mscartoes] [SpringApplicationShutdownHook] com.netflix.discovery.DiscoveryClient    : Unregistering ...
2025-07-05T10:42:17.140-03:00  INFO 22132 --- [mscartoes] [SpringApplicationShutdownHook] com.netflix.discovery.DiscoveryClient    : DiscoveryClient_MSCARTOES/${spring.application-name}:7e9614630b875ed4b5dab0bcf28137ec - deregister  status: 200
2025-07-05T10:42:17.141-03:00  INFO 22132 --- [mscartoes] [SpringApplicationShutdownHook] com.netflix.discovery.DiscoveryClient    : Completed shut down of DiscoveryClient
